<?xml version="1.0" encoding="UTF-8"?>
<!-- Generated by org.testng.reporters.JUnitReportReporter -->
<testsuite hostname="Sherins-MacBook-Pro.local" failures="0" tests="5" name="com.training.testcases.LoginTest" time="49.200" errors="0" timestamp="2023-08-05T23:47:57 PDT" skipped="0">
  <testcase classname="com.training.testcases.LoginTest" name="testSuccessfullLogin" time="10.661"/>
  <testcase classname="com.training.testcases.LoginTest" name="testLoginInvalidUsernameAndPassword" time="4.370"/>
  <testcase classname="com.training.testcases.LoginTest" name="testForgotPassword" time="9.240"/>
  <testcase classname="com.training.testcases.LoginTest" name="testLoginPasswordMissingError" time="8.698"/>
  <testcase classname="com.training.testcases.LoginTest" name="testCheckRememberMe" time="16.231"/>
</testsuite> <!-- com.training.testcases.LoginTest -->
