<?xml version="1.0" encoding="UTF-8"?>
<!-- Generated by org.testng.reporters.JUnitReportReporter -->
<testsuite hostname="Sherins-MacBook-Pro.local" failures="0" tests="5" name="com.training.testcases.LeadsTest" time="101.292" errors="0" timestamp="2023-08-09T23:22:44 PDT" skipped="0">
  <testcase classname="com.training.testcases.LeadsTest" name="createNewLead" time="18.541"/>
  <testcase classname="com.training.testcases.LeadsTest" name="defaultView" time="38.857"/>
  <testcase classname="com.training.testcases.LeadsTest" name="leadsSelectView" time="14.589"/>
  <testcase classname="com.training.testcases.LeadsTest" name="testLeadsTab" time="14.449"/>
  <testcase classname="com.training.testcases.LeadsTest" name="todaysLead" time="14.856"/>
</testsuite> <!-- com.training.testcases.LeadsTest -->
