<?xml version="1.0" encoding="UTF-8"?>
<!-- Generated by org.testng.reporters.JUnitReportReporter -->
<testsuite hostname="Sherins-MacBook-Pro.local" failures="0" tests="5" name="com.training.testcases.UserMenuTest" time="143.492" errors="0" timestamp="2023-08-06T00:27:16 PDT" skipped="0">
  <testcase classname="com.training.testcases.UserMenuTest" name="testMyProfileLink" time="61.003"/>
  <testcase classname="com.training.testcases.UserMenuTest" name="logout" time="15.557"/>
  <testcase classname="com.training.testcases.UserMenuTest" name="testMySettingsLink" time="43.651"/>
  <testcase classname="com.training.testcases.UserMenuTest" name="testDeveloperConsoleLink" time="14.256"/>
  <testcase classname="com.training.testcases.UserMenuTest" name="testUsermenuDisplayElements" time="9.025"/>
</testsuite> <!-- com.training.testcases.UserMenuTest -->
