<?xml version="1.0" encoding="UTF-8"?>
<!-- Generated by org.testng.reporters.JUnitReportReporter -->
<testsuite hostname="Sherins-MacBook-Pro.local" failures="0" tests="5" name="com.training.testcases.AccountTest" time="133.424" errors="0" timestamp="2023-08-08T15:13:38 PDT" skipped="0">
  <testcase classname="com.training.testcases.AccountTest" name="editView" time="38.792"/>
  <testcase classname="com.training.testcases.AccountTest" name="mergeAccounts" time="16.271"/>
  <testcase classname="com.training.testcases.AccountTest" name="createAccount" time="23.730"/>
  <testcase classname="com.training.testcases.AccountTest" name="createAccountReport" time="27.836"/>
  <testcase classname="com.training.testcases.AccountTest" name="createView" time="26.795"/>
</testsuite> <!-- com.training.testcases.AccountTest -->
