<?xml version="1.0" encoding="UTF-8"?>
<!-- Generated by org.testng.reporters.JUnitReportReporter -->
<testsuite hostname="Sherins-MacBook-Pro.local" failures="0" tests="1" name="com.training.testcases.OpportunityTest" time="16.611" errors="0" timestamp="2023-08-09T23:18:47 PDT" skipped="0">
  <testcase classname="com.training.testcases.OpportunityTest" name="quaterlySummaryReport" time="16.611"/>
</testsuite> <!-- com.training.testcases.OpportunityTest -->
